<?xml version="1.0" encoding="UTF-8"?>
<testng-results skipped="0" failed="0" total="1" passed="1">
  <reporter-output>
    <line>
      <![CDATA[&bull; image displayed<br/>]]>
    </line>
  </reporter-output>
  <suite name="Default suite" duration-ms="25397" started-at="2016-01-05T05:17:33Z" finished-at="2016-01-05T05:17:59Z">
    <groups>
    </groups>
    <test name="Default test" duration-ms="25397" started-at="2016-01-05T05:17:33Z" finished-at="2016-01-05T05:17:59Z">
      <class name="com.framework.selenium.test.GoogleSearchTC">
        <test-method status="PASS" signature="search()[pri:0, instance:com.framework.selenium.test.GoogleSearchTC@27f674d]" name="search" duration-ms="25386" started-at="2016-01-05T10:47:33Z" finished-at="2016-01-05T10:47:59Z">
          <reporter-output>
            <line>
              <![CDATA[&bull; image displayed<br/>]]>
            </line>
          </reporter-output>
        </test-method> <!-- search -->
      </class> <!-- com.framework.selenium.test.GoogleSearchTC -->
    </test> <!-- Default test -->
  </suite> <!-- Default suite -->
</testng-results>
